<?xml version="1.0" encoding="UTF-8"?>
<testng-results ignored="0" total="1" passed="1" failed="0" skipped="0">
  <reporter-output>
  </reporter-output>
  <suite started-at="2025-03-17T23:22:30 IST" name="Default suite" finished-at="2025-03-17T23:22:40 IST" duration-ms="10879">
    <groups>
    </groups>
    <test started-at="2025-03-17T23:22:30 IST" name="Default test" finished-at="2025-03-17T23:22:40 IST" duration-ms="10879">
      <class name="testcases.TC01_Handle_Alerts">
        <test-method is-config="true" signature="Setup()[pri:0, instance:testcases.TC01_Handle_Alerts@1d296da]" started-at="2025-03-17T23:22:30 IST" name="Setup" finished-at="2025-03-17T23:22:36 IST" duration-ms="5936" status="PASS">
          <reporter-output>
          </reporter-output>
        </test-method> <!-- Setup -->
        <test-method signature="Handle_Alerts()[pri:1, instance:testcases.TC01_Handle_Alerts@1d296da]" started-at="2025-03-17T23:22:36 IST" name="Handle_Alerts" finished-at="2025-03-17T23:22:40 IST" duration-ms="4457" status="PASS">
          <reporter-output>
          </reporter-output>
        </test-method> <!-- Handle_Alerts -->
        <test-method is-config="true" signature="tearDown()[pri:0, instance:testcases.TC01_Handle_Alerts@1d296da]" started-at="2025-03-17T23:22:40 IST" name="tearDown" finished-at="2025-03-17T23:22:40 IST" duration-ms="387" status="PASS">
          <reporter-output>
          </reporter-output>
        </test-method> <!-- tearDown -->
      </class> <!-- testcases.TC01_Handle_Alerts -->
    </test> <!-- Default test -->
  </suite> <!-- Default suite -->
</testng-results>
